<?xml version="1.0" encoding="UTF-8"?>
<!-- Generated by org.testng.reporters.JUnitXMLReporter -->
<testsuite hostname="DESKTOP-28I32HK" ignored="6" name="Default test(failed)" tests="1" failures="1" timestamp="17 Jan 2019 11:23:07 GMT" time="10.207" errors="0">
  <testcase name="checkLogoutButton" time="2.048" classname="com.guru99.automation.DepositeTest">
    <failure type="java.lang.AssertionError" message="expected [Logout] but found []">
      <![CDATA[java.lang.AssertionError: expected [Logout] but found []
at com.guru99.automation.DepositeTest.checkLogoutButton(DepositeTest.java:129)
... Removed 31 stack frames]]>
    </failure>
  </testcase> <!-- checkLogoutButton -->
  <testcase name="checkWithrowelButton" time="0.0" classname="com.guru99.automation.DepositeTest">
    <ignored/>
  </testcase> <!-- checkWithrowelButton -->
  <testcase name="deposite" time="0.0" classname="com.guru99.automation.DepositeTest">
    <ignored/>
  </testcase> <!-- deposite -->
  <testcase name="customerLogin" time="0.0" classname="com.guru99.automation.DepositeTest">
    <ignored/>
  </testcase> <!-- customerLogin -->
  <testcase name="checkPage" time="0.0" classname="com.guru99.automation.DepositeTest">
    <ignored/>
  </testcase> <!-- checkPage -->
  <testcase name="checkDepositeButton" time="0.0" classname="com.guru99.automation.DepositeTest">
    <ignored/>
  </testcase> <!-- checkDepositeButton -->
  <testcase name="checkLoginButton" time="0.0" classname="com.guru99.automation.DepositeTest">
    <ignored/>
  </testcase> <!-- checkLoginButton -->
</testsuite> <!-- Default test(failed) -->
