<?xml version="1.0" encoding="UTF-8"?>
<!-- Generated by org.testng.reporters.JUnitXMLReporter -->
<testsuite hostname="DESKTOP-28I32HK" ignored="0" name="TestNGAssertRun" tests="4" failures="1" timestamp="20 Jan 2019 10:42:35 GMT" time="50.168" errors="0">
  <testcase name="getTitle" time="0.056" classname="com.mayuautomation.selenium.com.mayuautomation.selenium.testNG.TestTestNGAssertion"/>
  <testcase name="testAssert" time="0.004" classname="com.mayuautomation.selenium.com.mayuautomation.selenium.testNG.TestTestNGAssertion">
    <failure type="java.lang.AssertionError" message="expected [false] but found [true]">
      <![CDATA[java.lang.AssertionError: expected [false] but found [true]
at com.mayuautomation.selenium.com.mayuautomation.selenium.testNG.TestTestNGAssertion.testAssert(TestTestNGAssertion.java:31)
at java.util.concurrent.FutureTask.run(Unknown Source)
at java.util.concurrent.ThreadPoolExecutor.runWorker(Unknown Source)
at java.util.concurrent.ThreadPoolExecutor$Worker.run(Unknown Source)
at java.lang.Thread.run(Unknown Source)
... Removed 22 stack frames]]>
    </failure>
  </testcase> <!-- testAssert -->
  <testcase name="openBrowser" time="13.821" classname="com.mayuautomation.selenium.com.mayuautomation.selenium.testNG.NewTestFaccebookLogin"/>
  <testcase name="facebookLogin" time="6.493" classname="com.mayuautomation.selenium.com.mayuautomation.selenium.testNG.NewTestFaccebookLogin"/>
</testsuite> <!-- TestNGAssertRun -->
